2012-09-15T17:04:26+00:00 app[web.1]: => Call with -d to detach
2012-09-15T17:04:26+00:00 app[web.1]: => Ctrl-C to shutdown server
2012-09-15T17:04:26+00:00 app[web.1]: 
2012-09-15T17:04:26+00:00 app[web.1]: Started GET "/" for 189.62.0.76 at 2012-09-15 17:04:26 +0000
2012-09-15T17:04:26+00:00 app[web.1]: 
2012-09-15T17:04:26+00:00 app[web.1]: Connecting to database specified by DATABASE_URL
2012-09-15T17:04:26+00:00 app[web.1]: ActiveRecord::ConnectionNotEstablished (ActiveRecord::ConnectionNotEstablished):
2012-09-15T17:04:26+00:00 app[web.1]:   vendor/bundle/ruby/1.9.1/gems/activerecord-3.2.8/lib/active_record/connection_adapters/abstract/connection_pool.rb:404:in `retrieve_connection'
2012-09-15T17:04:26+00:00 app[web.1]:   vendor/bundle/ruby/1.9.1/gems/activerecord-3.2.8/lib/active_record/connection_adapters/abstract/connection_specification.rb:144:in `connection'
2012-09-15T17:04:26+00:00 app[web.1]: 
2012-09-15T17:04:26+00:00 app[web.1]:   vendor/bundle/ruby/1.9.1/gems/activerecord-3.2.8/lib/active_record/query_cache.rb:67:in `rescue in call'
2012-09-15T17:04:26+00:00 app[web.1]:   vendor/bundle/ruby/1.9.1/gems/activerecord-3.2.8/lib/active_record/connection_adapters/abstract/connection_specification.rb:170:in `retrieve_connection'
2012-09-15T17:04:26+00:00 app[web.1]:   vendor/bundle/ruby/1.9.1/gems/activerecord-3.2.8/lib/active_record/query_cache.rb:61:in `call'
2012-09-15T17:04:26+00:00 app[web.1]:   vendor/bundle/ruby/1.9.1/gems/activerecord-3.2.8/lib/active_record/connection_adapters/abstract/connection_pool.rb:473:in `call'
2012-09-15T17:04:26+00:00 app[web.1]:   vendor/bundle/ruby/1.9.1/gems/actionpack-3.2.8/lib/action_dispatch/middleware/callbacks.rb:28:in `block in call'
2012-09-15T17:04:26+00:00 app[web.1]:   vendor/bundle/ruby/1.9.1/gems/activesupport-3.2.8/lib/active_support/callbacks.rb:405:in `__run_callback'
2012-09-15T17:04:26+00:00 app[web.1]:   vendor/bundle/ruby/1.9.1/gems/activesupport-3.2.8/lib/active_support/callbacks.rb:405:in `_run__4520243953513053954__call__1666369958330553961__callbacks'
2012-09-15T17:04:26+00:00 app[web.1]:   vendor/bundle/ruby/1.9.1/gems/activesupport-3.2.8/lib/active_support/callbacks.rb:385:in `_run_call_callbacks'
2012-09-15T17:04:26+00:00 app[web.1]:   vendor/bundle/ruby/1.9.1/gems/activesupport-3.2.8/lib/active_support/callbacks.rb:81:in `run_callbacks'
2012-09-15T17:04:26+00:00 app[web.1]:   vendor/bundle/ruby/1.9.1/gems/railties-3.2.8/lib/rails/rack/logger.rb:26:in `call_app'
2012-09-15T17:04:26+00:00 app[web.1]:   vendor/bundle/ruby/1.9.1/gems/actionpack-3.2.8/lib/action_dispatch/middleware/callbacks.rb:27:in `call'
2012-09-15T17:04:26+00:00 app[web.1]:   vendor/bundle/ruby/1.9.1/gems/railties-3.2.8/lib/rails/rack/logger.rb:16:in `call'
2012-09-15T17:04:26+00:00 app[web.1]:   vendor/bundle/ruby/1.9.1/gems/actionpack-3.2.8/lib/action_dispatch/middleware/request_id.rb:22:in `call'
2012-09-15T17:04:26+00:00 app[web.1]:   vendor/bundle/ruby/1.9.1/gems/actionpack-3.2.8/lib/action_dispatch/middleware/show_exceptions.rb:56:in `call'
2012-09-15T17:04:26+00:00 app[web.1]:   vendor/bundle/ruby/1.9.1/gems/actionpack-3.2.8/lib/action_dispatch/middleware/remote_ip.rb:31:in `call'
2012-09-15T17:04:26+00:00 app[web.1]:   vendor/bundle/ruby/1.9.1/gems/actionpack-3.2.8/lib/action_dispatch/middleware/debug_exceptions.rb:16:in `call'
2012-09-15T17:04:26+00:00 app[web.1]:   vendor/bundle/ruby/1.9.1/gems/rack-1.4.1/lib/rack/runtime.rb:17:in `call'
2012-09-15T17:04:26+00:00 app[web.1]:   vendor/bundle/ruby/1.9.1/gems/activesupport-3.2.8/lib/active_support/cache/strategy/local_cache.rb:72:in `call'
2012-09-15T17:04:26+00:00 app[web.1]:   vendor/bundle/ruby/1.9.1/gems/rack-1.4.1/lib/rack/lock.rb:15:in `call'
2012-09-15T17:04:26+00:00 app[web.1]:   vendor/bundle/ruby/1.9.1/gems/rack-cache-1.2/lib/rack/cache/context.rb:245:in `fetch'
2012-09-15T17:04:26+00:00 app[web.1]:   vendor/bundle/ruby/1.9.1/gems/rack-1.4.1/lib/rack/methodoverride.rb:21:in `call'
2012-09-15T17:04:26+00:00 app[web.1]:   vendor/bundle/ruby/1.9.1/gems/rack-cache-1.2/lib/rack/cache/context.rb:66:in `call!'
2012-09-15T17:04:26+00:00 app[web.1]:   vendor/bundle/ruby/1.9.1/gems/actionpack-3.2.8/lib/action_dispatch/middleware/static.rb:62:in `call'
2012-09-15T17:04:26+00:00 app[web.1]:   vendor/bundle/ruby/1.9.1/gems/rack-cache-1.2/lib/rack/cache/context.rb:185:in `lookup'
2012-09-15T17:04:26+00:00 app[web.1]:   vendor/bundle/ruby/1.9.1/gems/rack-cache-1.2/lib/rack/cache/context.rb:136:in `forward'
2012-09-15T17:04:26+00:00 app[web.1]:   vendor/bundle/ruby/1.9.1/gems/rack-cache-1.2/lib/rack/cache/context.rb:51:in `call'
2012-09-15T17:04:26+00:00 app[web.1]:   vendor/bundle/ruby/1.9.1/gems/rack-1.4.1/lib/rack/content_length.rb:14:in `call'
2012-09-15T17:04:26+00:00 app[web.1]:   vendor/bundle/ruby/1.9.1/gems/railties-3.2.8/lib/rails/rack/log_tailer.rb:17:in `call'
2012-09-15T17:04:26+00:00 app[web.1]:   vendor/bundle/ruby/1.9.1/gems/railties-3.2.8/lib/rails/application.rb:223:in `call'
2012-09-15T17:04:26+00:00 app[web.1]:   vendor/bundle/ruby/1.9.1/gems/railties-3.2.8/lib/rails/engine.rb:479:in `call'
2012-09-15T17:04:26+00:00 app[web.1]:   /usr/local/lib/ruby/1.9.1/webrick/httpserver.rb:70:in `run'
2012-09-15T17:04:26+00:00 app[web.1]:   vendor/bundle/ruby/1.9.1/gems/rack-1.4.1/lib/rack/handler/webrick.rb:59:in `service'
2012-09-15T17:04:26+00:00 app[web.1]: 
2012-09-15T17:04:26+00:00 app[web.1]:   /usr/local/lib/ruby/1.9.1/webrick/server.rb:183:in `block in start_thread'
2012-09-15T17:04:26+00:00 app[web.1]:   /usr/local/lib/ruby/1.9.1/webrick/httpserver.rb:111:in `service'
2012-09-15T17:04:26+00:00 app[web.1]: 
2012-09-15T17:04:26+00:00 heroku[router]: GET mysterious-bastion-3922.herokuapp.com/ dyno=web.1 queue=0 wait=0ms service=557ms status=500 bytes=643
2012-09-15T17:04:27+00:00 heroku[router]: GET mysterious-bastion-3922.herokuapp.com/favicon.ico dyno=web.1 queue=0 wait=0ms service=36ms status=200 bytes=0
2012-09-15T17:08:50+00:00 heroku[slugc]: Slug compilation started
2012-09-15T17:09:19+00:00 heroku[api]: Release v6 created by raphael.sm86@gmail.com
2012-09-15T17:09:19+00:00 heroku[api]: Deploy b82ab39 by raphael.sm86@gmail.com
2012-09-15T17:09:19+00:00 heroku[web.1]: State changed from up to starting
2012-09-15T17:09:20+00:00 heroku[slugc]: Slug compilation finished
2012-09-15T17:09:21+00:00 heroku[web.1]: Starting process with command `bundle exec rails server -p 50858`
2012-09-15T17:09:24+00:00 heroku[web.1]: Stopping all processes with SIGTERM
2012-09-15T17:09:25+00:00 app[web.1]: DEPRECATION WARNING: You have Rails 2.3-style plugins in vendor/plugins! Support for these plugins will be removed in Rails 4.0. Move them out and bundle them in your Gemfile, or fold them in to your app as lib/myplugin/* and config/initializers/myplugin.rb. See the release notes for more on this: http://weblog.rubyonrails.org/2012/1/4/rails-3-2-0-rc2-has-been-released. (called from <top (required)> at /app/config/environment.rb:5)
2012-09-15T17:09:25+00:00 app[web.1]: DEPRECATION WARNING: You have Rails 2.3-style plugins in vendor/plugins! Support for these plugins will be removed in Rails 4.0. Move them out and bundle them in your Gemfile, or fold them in to your app as lib/myplugin/* and config/initializers/myplugin.rb. See the release notes for more on this: http://weblog.rubyonrails.org/2012/1/4/rails-3-2-0-rc2-has-been-released. (called from <top (required)> at /app/config/environment.rb:5)
2012-09-15T17:09:25+00:00 app[web.1]: DEPRECATION WARNING: You have Rails 2.3-style plugins in vendor/plugins! Support for these plugins will be removed in Rails 4.0. Move them out and bundle them in your Gemfile, or fold them in to your app as lib/myplugin/* and config/initializers/myplugin.rb. See the release notes for more on this: http://weblog.rubyonrails.org/2012/1/4/rails-3-2-0-rc2-has-been-released. (called from <top (required)> at /app/config/environment.rb:5)
2012-09-15T17:09:26+00:00 app[web.1]: [2012-09-15 17:09:26] ERROR SignalException: SIGTERM
2012-09-15T17:09:26+00:00 app[web.1]: 	/usr/local/lib/ruby/1.9.1/webrick/server.rb:90:in `select'
2012-09-15T17:09:28+00:00 app[web.1]: [2012-09-15 17:09:28] INFO  WEBrick 1.3.1
2012-09-15T17:09:28+00:00 app[web.1]: [2012-09-15 17:09:28] INFO  WEBrick::HTTPServer#start: pid=2 port=50858
2012-09-15T17:09:28+00:00 app[web.1]: [2012-09-15 17:09:28] INFO  ruby 1.9.2 (2011-07-09) [x86_64-linux]
2012-09-15T17:09:29+00:00 heroku[web.1]: State changed from starting to up
2012-09-15T17:09:34+00:00 heroku[web.1]: Error R12 (Exit timeout) -> At least one process failed to exit within 10 seconds of SIGTERM
2012-09-15T17:09:34+00:00 heroku[web.1]: Stopping remaining processes with SIGKILL
2012-09-15T17:09:36+00:00 heroku[web.1]: Process exited with status 137
2012-09-15T17:09:39+00:00 app[web.1]: => Booting WEBrick
2012-09-15T17:09:39+00:00 app[web.1]: => Rails 3.2.8 application starting in production on http://0.0.0.0:50858
2012-09-15T17:09:39+00:00 app[web.1]: => Ctrl-C to shutdown server
2012-09-15T17:09:39+00:00 app[web.1]: 
2012-09-15T17:09:39+00:00 app[web.1]: 
2012-09-15T17:09:39+00:00 app[web.1]: => Call with -d to detach
2012-09-15T17:09:39+00:00 app[web.1]: Started GET "/" for 189.62.0.76 at 2012-09-15 17:09:39 +0000
2012-09-15T17:09:40+00:00 app[web.1]: Connecting to database specified by DATABASE_URL
2012-09-15T17:09:40+00:00 app[web.1]: Processing by HomeController#index as HTML
2012-09-15T17:09:40+00:00 app[web.1]:   Rendered home/index.html.erb within layouts/application (28.1ms)
2012-09-15T17:09:40+00:00 app[web.1]: WARN: tilt autoloading 'sass' in a non thread-safe way; explicit require 'sass' suggested.
2012-09-15T17:09:41+00:00 app[web.1]: Completed 500 Internal Server Error in 559ms
2012-09-15T17:09:41+00:00 app[web.1]: 
2012-09-15T17:09:41+00:00 app[web.1]: ActionView::Template::Error (couldn't find file 'my_window.js'
2012-09-15T17:09:41+00:00 app[web.1]:   (in /app/app/assets/javascripts/application.js:18)):
2012-09-15T17:09:41+00:00 app[web.1]:     3: <head>
2012-09-15T17:09:41+00:00 app[web.1]:     4:   <title>Quemeuvoto</title>
2012-09-15T17:09:41+00:00 app[web.1]:     7:   <%= csrf_meta_tags %>
2012-09-15T17:09:41+00:00 app[web.1]:     6:   <%= javascript_include_tag "application" %>
2012-09-15T17:09:41+00:00 app[web.1]:     5:   <%= stylesheet_link_tag    "application", :media => "all" %>
2012-09-15T17:09:41+00:00 app[web.1]:     9: <body>
2012-09-15T17:09:41+00:00 app[web.1]:     8: </head>
2012-09-15T17:09:41+00:00 app[web.1]: Compiled bootstrap/css/bootstrap-responsive.css  (0ms)  (pid 2)
2012-09-15T17:09:41+00:00 app[web.1]: Compiled bootstrap/css/bootstrap-responsive.min.css  (0ms)  (pid 2)
2012-09-15T17:09:41+00:00 app[web.1]: 
2012-09-15T17:09:41+00:00 app[web.1]: 
2012-09-15T17:09:41+00:00 app[web.1]: Compiled bootstrap/css/bootstrap.css  (0ms)  (pid 2)
2012-09-15T17:09:41+00:00 app[web.1]: Compiled home.css  (412ms)  (pid 2)
2012-09-15T17:09:41+00:00 app[web.1]:   app/views/layouts/application.html.erb:6:in `_app_views_layouts_application_html_erb___3740737592516612375_38408020'
2012-09-15T17:09:41+00:00 app[web.1]: Compiled bootstrap/css/bootstrap.min.css  (0ms)  (pid 2)
2012-09-15T17:09:41+00:00 heroku[router]: GET mysterious-bastion-3922.herokuapp.com/ dyno=web.1 queue=0 wait=3ms service=1554ms status=500 bytes=643
2012-09-15T17:09:41+00:00 app[web.1]: Compiled application.css  (465ms)  (pid 2)
2012-09-15T17:09:41+00:00 app[web.1]: Compiled jquery-ui-1.8.23.custom.css  (0ms)  (pid 2)
2012-09-15T17:09:41+00:00 heroku[router]: GET mysterious-bastion-3922.herokuapp.com/favicon.ico dyno=web.1 queue=0 wait=0ms service=37ms status=200 bytes=0
